2018-дек-18 00:02:45 AM [main] ERROR com.senchenko.aliens.dao.CommentDao - SQL exception com.mysql.jdbc.exceptions.jdbc4.MySQLIntegrityConstraintViolationException: Cannot add or update a child row: a foreign key constraint fails (`monsters`.`comments`, CONSTRAINT `fk_Comments_Monsters1` FOREIGN KEY (`id_monster`) REFERENCES `monsters` (`id_monster`) ON DELETE NO ACTION ON UPDATE NO ACTION)
2018-дек-18 15:23:10 PM [main] ERROR com.senchenko.aliens.dao.CommentDao - SQL exception java.sql.SQLException: Parameter index out of range (6 > number of parameters, which is 5).
2018-дек-19 11:57:55 AM [main] ERROR com.senchenko.aliens.configuration.ConnectionPool - Connection pool initialization failed java.sql.SQLException: Access denied for user 'root'@'localhost' (using password: YES)
2018-дек-19 11:58:52 AM [main] ERROR com.senchenko.aliens.configuration.ConnectionPool - Connection pool initialization failed java.sql.SQLException: Access denied for user 'root'@'localhost' (using password: YES)
2018-дек-19 11:59:22 AM [main] ERROR com.senchenko.aliens.configuration.ConnectionPool - Connection pool initialization failed java.sql.SQLException: Access denied for user 'root'@'localhost' (using password: YES)
2018-дек-19 12:00:14 PM [main] ERROR com.senchenko.aliens.configuration.ConnectionPool - Connection pool initialization failed java.sql.SQLException: Access denied for user 'root'@'localhost' (using password: YES)
2018-дек-19 12:02:00 PM [main] ERROR com.senchenko.aliens.configuration.ConnectionPool - Connection pool initialization failed java.sql.SQLException: Access denied for user '"root"'@'localhost' (using password: YES)
2018-дек-19 12:02:22 PM [main] ERROR com.senchenko.aliens.configuration.ConnectionPool - Connection pool initialization failed java.sql.SQLException: Access denied for user '"root"'@'localhost' (using password: YES)
2018-дек-21 16:56:30 PM [main] ERROR com.senchenko.aliens.dao.UserDao - SQL exception 
java.sql.SQLException: No value specified for parameter 1
	at com.mysql.jdbc.SQLError.createSQLException(SQLError.java:1074) ~[mysql-connector-java-5.1.23-bin.jar:?]
	at com.mysql.jdbc.SQLError.createSQLException(SQLError.java:988) ~[mysql-connector-java-5.1.23-bin.jar:?]
	at com.mysql.jdbc.SQLError.createSQLException(SQLError.java:974) ~[mysql-connector-java-5.1.23-bin.jar:?]
	at com.mysql.jdbc.SQLError.createSQLException(SQLError.java:919) ~[mysql-connector-java-5.1.23-bin.jar:?]
	at com.mysql.jdbc.PreparedStatement.checkAllParametersSet(PreparedStatement.java:2611) ~[mysql-connector-java-5.1.23-bin.jar:?]
	at com.mysql.jdbc.PreparedStatement.fillSendPacket(PreparedStatement.java:2586) ~[mysql-connector-java-5.1.23-bin.jar:?]
	at com.mysql.jdbc.PreparedStatement.fillSendPacket(PreparedStatement.java:2510) ~[mysql-connector-java-5.1.23-bin.jar:?]
	at com.mysql.jdbc.PreparedStatement.executeQuery(PreparedStatement.java:2259) ~[mysql-connector-java-5.1.23-bin.jar:?]
	at com.senchenko.aliens.dao.UserDao.findUserByLogin(UserDao.java:78) [webProject/:?]
	at com.senchenko.aliens.service.GetAllCommentsAction.main(GetAllCommentsAction.java:29) [webProject/:?]
